<?xml version="1.0" encoding="UTF-8"?>
<!-- Generated by org.testng.reporters.JUnitReportReporter -->
<testsuite hostname="Raj-Maghade-07" failures="0" tests="1" name="TestCases.test1" time="4.389" errors="0" timestamp="2022-12-08T11:55:27 IST" skipped="0">
  <testcase classname="TestCases.test1" name="method1" time="4.389"/>
  <system-out/>
</testsuite> <!-- TestCases.test1 -->
